<?xml version="1.0" encoding="UTF-8"?>
<testsuite name="CinemaTests" tests="1" skipped="0" failures="0" errors="0" timestamp="2022-05-16T09:21:22" hostname="DESKTOP-86T72OH" time="6.319">
  <properties/>
  <testcase name="start" classname="CinemaTests" time="6.319"/>
  <system-out><![CDATA[?[1;31m
Start test 1?[0m

  .   ____          _            __ _ _
 /\\ / ___'_ __ _ _(_)_ __  __ _ \ \ \ \
( ( )\___ | '_ | '_| | '_ \/ _` | \ \ \ \
 \\/  ___)| |_)| | | | | || (_| |  ) ) ) )
  '  |____| .__|_| |_|_| |_\__, | / / / /
 =========|_|==============|___/=/_/_/_/
 :: Spring Boot ::                (v2.5.6)

2022-05-16 12:21:23.445  INFO 10404 --- [    Test worker] cinema.Main                              : Starting Main using Java 17.0.3 on DESKTOP-86T72OH with PID 10404 (started by Laptop in C:\Users\Laptop\IdeaProjects\Cinema Room REST Service\Cinema Room REST Service\task)
2022-05-16 12:21:23.454  INFO 10404 --- [    Test worker] cinema.Main                              : No active profile set, falling back to default profiles: default
2022-05-16 12:21:26.005  INFO 10404 --- [    Test worker] o.s.b.w.embedded.tomcat.TomcatWebServer  : Tomcat initialized with port(s): 28852 (http)
2022-05-16 12:21:26.027  INFO 10404 --- [    Test worker] o.apache.catalina.core.StandardService   : Starting service [Tomcat]
2022-05-16 12:21:26.028  INFO 10404 --- [    Test worker] org.apache.catalina.core.StandardEngine  : Starting Servlet engine: [Apache Tomcat/9.0.54]
2022-05-16 12:21:26.181  INFO 10404 --- [    Test worker] o.a.c.c.C.[Tomcat].[localhost].[/]       : Initializing Spring embedded WebApplicationContext
2022-05-16 12:21:26.181  INFO 10404 --- [    Test worker] w.s.c.ServletWebServerApplicationContext : Root WebApplicationContext: initialization completed in 2579 ms
2022-05-16 12:21:27.435  INFO 10404 --- [    Test worker] o.s.b.a.e.web.EndpointLinksResolver      : Exposing 14 endpoint(s) beneath base path '/actuator'
2022-05-16 12:21:27.510  INFO 10404 --- [    Test worker] o.s.b.w.embedded.tomcat.TomcatWebServer  : Tomcat started on port(s): 28852 (http) with context path ''
2022-05-16 12:21:27.531  INFO 10404 --- [    Test worker] cinema.Main                              : Started Main in 4.954 seconds (JVM running for 6.322)
2022-05-16 12:21:28.069  INFO 10404 --- [io-28852-exec-1] o.a.c.c.C.[Tomcat].[localhost].[/]       : Initializing Spring DispatcherServlet 'dispatcherServlet'
2022-05-16 12:21:28.070  INFO 10404 --- [io-28852-exec-1] o.s.web.servlet.DispatcherServlet        : Initializing Servlet 'dispatcherServlet'
2022-05-16 12:21:28.072  INFO 10404 --- [io-28852-exec-1] o.s.web.servlet.DispatcherServlet        : Completed initialization in 2 ms
?[1;31m
Start test 2?[0m
]]></system-out>
  <system-err><![CDATA[]]></system-err>
</testsuite>
